{"0": {"description": "PEC --- failed to save family list.", "origin": "Traceback (most recent call last):\n  File \"D:\\Documents\\ENKO EDUCATION\\IT\\CODE\\eduka_code_manager\\family.py\", line 79, in replace_family_codes\n    element = WebDriverWait(driver, wait).until(\n  File \"D:\\Documents\\ENKO EDUCATION\\IT\\CODE\\eduka_code_manager\\.venv\\lib\\site-packages\\selenium\\webdriver\\support\\wait.py\", line 95, in until\n    raise TimeoutException(message, screen, stacktrace)\nselenium.common.exceptions.TimeoutException: Message: \nStacktrace:\nBacktrace:\n\t(No symbol) [0x00346643]\n\t(No symbol) [0x002DBE21]\n\t(No symbol) [0x001DDA9D]\n\t(No symbol) [0x00211342]\n\t(No symbol) [0x0021147B]\n\t(No symbol) [0x00248DC2]\n\t(No symbol) [0x0022FDC4]\n\t(No symbol) [0x00246B09]\n\t(No symbol) [0x0022FB76]\n\t(No symbol) [0x002049C1]\n\t(No symbol) [0x00205E5D]\n\tGetHandleVerifier [0x005BA142+2497106]\n\tGetHandleVerifier [0x005E85D3+2686691]\n\tGetHandleVerifier [0x005EBB9C+2700460]\n\tGetHandleVerifier [0x003F3B10+635936]\n\t(No symbol) [0x002E4A1F]\n\t(No symbol) [0x002EA418]\n\t(No symbol) [0x002EA505]\n\t(No symbol) [0x002F508B]\n\tBaseThreadInitThunk [0x755600F9+25]\n\tRtlGetAppContainerNamedObjectPath [0x773E7BBE+286]\n\tRtlGetAppContainerNamedObjectPath [0x773E7B8E+238]\n\n"}, "1": {"description": "Pestalozzi Education Centre - male students --- Adding Identification Code Criterion failed", "origin": "Traceback (most recent call last):\n  File \"D:\\Documents\\ENKO EDUCATION\\IT\\CODE\\eduka_code_manager\\student.py\", line 81, in replace_student_codes\n    element = WebDriverWait(driver, wait).until(EC.presence_of_element_located((By.XPATH, '//*[@id=\"CLTableCriteria\"]/tbody/tr/td[4]/button')))\n  File \"D:\\Documents\\ENKO EDUCATION\\IT\\CODE\\eduka_code_manager\\.venv\\lib\\site-packages\\selenium\\webdriver\\support\\wait.py\", line 95, in until\n    raise TimeoutException(message, screen, stacktrace)\nselenium.common.exceptions.TimeoutException: Message: \nStacktrace:\nBacktrace:\n\t(No symbol) [0x00346643]\n\t(No symbol) [0x002DBE21]\n\t(No symbol) [0x001DDA9D]\n\t(No symbol) [0x00211342]\n\t(No symbol) [0x0021147B]\n\t(No symbol) [0x00248DC2]\n\t(No symbol) [0x0022FDC4]\n\t(No symbol) [0x00246B09]\n\t(No symbol) [0x0022FB76]\n\t(No symbol) [0x002049C1]\n\t(No symbol) [0x00205E5D]\n\tGetHandleVerifier [0x005BA142+2497106]\n\tGetHandleVerifier [0x005E85D3+2686691]\n\tGetHandleVerifier [0x005EBB9C+2700460]\n\tGetHandleVerifier [0x003F3B10+635936]\n\t(No symbol) [0x002E4A1F]\n\t(No symbol) [0x002EA418]\n\t(No symbol) [0x002EA505]\n\t(No symbol) [0x002F508B]\n\tBaseThreadInitThunk [0x755600F9+25]\n\tRtlGetAppContainerNamedObjectPath [0x773E7BBE+286]\n\tRtlGetAppContainerNamedObjectPath [0x773E7B8E+238]\n\n"}, "2": {"description": "Pestalozzi Education Centre - female students --- Adding Identification Code Criterion failed", "origin": "Traceback (most recent call last):\n  File \"D:\\Documents\\ENKO EDUCATION\\IT\\CODE\\eduka_code_manager\\student.py\", line 81, in replace_student_codes\n    element = WebDriverWait(driver, wait).until(EC.presence_of_element_located((By.XPATH, '//*[@id=\"CLTableCriteria\"]/tbody/tr/td[4]/button')))\n  File \"D:\\Documents\\ENKO EDUCATION\\IT\\CODE\\eduka_code_manager\\.venv\\lib\\site-packages\\selenium\\webdriver\\support\\wait.py\", line 95, in until\n    raise TimeoutException(message, screen, stacktrace)\nselenium.common.exceptions.TimeoutException: Message: \nStacktrace:\nBacktrace:\n\t(No symbol) [0x00346643]\n\t(No symbol) [0x002DBE21]\n\t(No symbol) [0x001DDA9D]\n\t(No symbol) [0x00211342]\n\t(No symbol) [0x0021147B]\n\t(No symbol) [0x00248DC2]\n\t(No symbol) [0x0022FDC4]\n\t(No symbol) [0x00246B09]\n\t(No symbol) [0x0022FB76]\n\t(No symbol) [0x002049C1]\n\t(No symbol) [0x00205E5D]\n\tGetHandleVerifier [0x005BA142+2497106]\n\tGetHandleVerifier [0x005E85D3+2686691]\n\tGetHandleVerifier [0x005EBB9C+2700460]\n\tGetHandleVerifier [0x003F3B10+635936]\n\t(No symbol) [0x002E4A1F]\n\t(No symbol) [0x002EA418]\n\t(No symbol) [0x002EA505]\n\t(No symbol) [0x002F508B]\n\tBaseThreadInitThunk [0x755600F9+25]\n\tRtlGetAppContainerNamedObjectPath [0x773E7BBE+286]\n\tRtlGetAppContainerNamedObjectPath [0x773E7B8E+238]\n\n"}}